Running in Lattice mode


Starting:    C:\lscc\iCEcube2.2017.08\synpbase\bin64\mbin\synbatch.exe
Install:     C:\lscc\iCEcube2.2017.08\synpbase
Hostname:    LAPTOP-MAHJJT4M
Date:        Wed Mar 03 23:52:56 2021
Version:     L-2016.09L+ice40

Arguments:   -product synplify_pro -batch led_rotate_syn.prj
ProductType: synplify_pro





log file: "C:\Projects\VHDL\Lattice_iCEstick\led_rotate\led_rotate\led_rotate_Implmnt\led_rotate.srr"
Running: led_rotate_Implmnt in foreground

Running led_rotate_syn|led_rotate_Implmnt

Running: compile (Compile) on led_rotate_syn|led_rotate_Implmnt
# Wed Mar 03 23:52:56 2021

Running: compile_flow (Compile Process) on led_rotate_syn|led_rotate_Implmnt
# Wed Mar 03 23:52:56 2021

Running: compiler (Compile Input) on led_rotate_syn|led_rotate_Implmnt
# Wed Mar 03 23:52:56 2021
Copied C:\Projects\VHDL\Lattice_iCEstick\led_rotate\led_rotate\led_rotate_Implmnt\synwork\led_rotate_comp.srs to C:\Projects\VHDL\Lattice_iCEstick\led_rotate\led_rotate\led_rotate_Implmnt\led_rotate.srs

compiler completed
# Wed Mar 03 23:52:58 2021

Return Code: 0
Run Time:00h:00m:02s

Running: multi_srs_gen (Multi-srs Generator) on led_rotate_syn|led_rotate_Implmnt
# Wed Mar 03 23:52:58 2021

multi_srs_gen completed
# Wed Mar 03 23:52:58 2021

Return Code: 0
Run Time:00h:00m:00s
Copied C:\Projects\VHDL\Lattice_iCEstick\led_rotate\led_rotate\led_rotate_Implmnt\synwork\led_rotate_mult.srs to C:\Projects\VHDL\Lattice_iCEstick\led_rotate\led_rotate\led_rotate_Implmnt\led_rotate.srs
Complete: Compile Process on led_rotate_syn|led_rotate_Implmnt

Running: premap (Pre-mapping) on led_rotate_syn|led_rotate_Implmnt
# Wed Mar 03 23:52:58 2021

premap completed with warnings
# Wed Mar 03 23:52:59 2021

Return Code: 1
Run Time:00h:00m:01s
Complete: Compile on led_rotate_syn|led_rotate_Implmnt

Running: map (Map) on led_rotate_syn|led_rotate_Implmnt
# Wed Mar 03 23:52:59 2021
License granted for 4 parallel jobs

Running: fpga_mapper (Map & Optimize) on led_rotate_syn|led_rotate_Implmnt
# Wed Mar 03 23:52:59 2021
Copied C:\Projects\VHDL\Lattice_iCEstick\led_rotate\led_rotate\led_rotate_Implmnt\synwork\led_rotate_m.srm to C:\Projects\VHDL\Lattice_iCEstick\led_rotate\led_rotate\led_rotate_Implmnt\led_rotate.srm

fpga_mapper completed with warnings
# Wed Mar 03 23:53:01 2021

Return Code: 1
Run Time:00h:00m:02s
Complete: Map on led_rotate_syn|led_rotate_Implmnt
Complete: Logic Synthesis on led_rotate_syn|led_rotate_Implmnt

exit status=0

exit status=0

